<?xml version="1.0" encoding="UTF-8"?>
<!-- Generated by org.testng.reporters.JUnitReportReporter -->
<testsuite skipped="0" hostname="DESKTOP-3EFDV89" name="org.testng.Test1" tests="1" failures="0" timestamp="07 Jan 2022 10:11:31 GMT" time="9.311" errors="0">
  <testcase name="m1" time="9.311" classname="org.testng.Test1"/>
</testsuite> <!-- org.testng.Test1 -->
