<?xml version="1.0" encoding="UTF-8"?>
<!-- Generated by org.testng.reporters.JUnitReportReporter -->
<testsuite skipped="0" hostname="DESKTOP-3EFDV89" name="org.testng.AdactTest" tests="1" failures="0" timestamp="06 Jan 2022 02:07:42 GMT" time="37.025" errors="0">
  <testcase name="orderId" time="37.025" classname="org.testng.AdactTest"/>
</testsuite> <!-- org.testng.AdactTest -->
